[0.016s] Invoking command in '/home/tj/ros2_ws/build/tutorial_interfaces': CMAKE_PREFIX_PATH=${CMAKE_PREFIX_PATH}:/home/tj/ros2_ws/install/py_srvcli:/home/tj/ros2_ws/install/py_pubsub:/opt/ros/humble /usr/bin/cmake --build /home/tj/ros2_ws/build/tutorial_interfaces -- -j8 -l8
[0.064s] -- Found geometry_msgs: 4.2.4 (/opt/ros/humble/share/geometry_msgs/cmake)
[0.223s] -- Found rosidl_generator_c: 3.1.5 (/opt/ros/humble/share/rosidl_generator_c/cmake)
[0.225s] -- Found rosidl_adapter: 3.1.5 (/opt/ros/humble/share/rosidl_adapter/cmake)
[0.232s] -- Found rosidl_generator_cpp: 3.1.5 (/opt/ros/humble/share/rosidl_generator_cpp/cmake)
[0.243s] -- Using all available rosidl_typesupport_c: rosidl_typesupport_fastrtps_c;rosidl_typesupport_introspection_c
[0.258s] -- Using all available rosidl_typesupport_cpp: rosidl_typesupport_fastrtps_cpp;rosidl_typesupport_introspection_cpp
[0.294s] -- Found rosidl_default_generators: 1.2.0 (/opt/ros/humble/share/rosidl_default_generators/cmake)
[0.489s] [31mCMake Error at /opt/ros/humble/share/rosidl_adapter/cmake/rosidl_adapt_interfaces.cmake:59 (message):
[0.489s]   execute_process(/usr/bin/python3 -m rosidl_adapter --package-name
[0.489s]   tutorial_interfaces --arguments-file
[0.489s]   /home/tj/ros2_ws/build/tutorial_interfaces/rosidl_adapter__arguments__tutorial_interfaces.json
[0.489s]   --output-dir
[0.489s]   /home/tj/ros2_ws/build/tutorial_interfaces/rosidl_adapter/tutorial_interfaces
[0.490s]   --output-file
[0.490s]   /home/tj/ros2_ws/build/tutorial_interfaces/rosidl_adapter/tutorial_interfaces.idls)
[0.490s]   returned error code 1:
[0.490s] 
[0.490s]   Traceback (most recent call last):
[0.490s] 
[0.490s]     File "/usr/lib/python3.10/runpy.py", line 196, in _run_module_as_main
[0.490s]       return _run_code(code, main_globals, None,
[0.490s]     File "/usr/lib/python3.10/runpy.py", line 86, in _run_code
[0.490s]       exec(code, run_globals)
[0.490s]     File "/opt/ros/humble/local/lib/python3.10/dist-packages/rosidl_adapter/__main__.py", line 19, in <module>
[0.490s]       sys.exit(main())
[0.490s]     File "/opt/ros/humble/local/lib/python3.10/dist-packages/rosidl_adapter/main.py", line 53, in main
[0.490s]       abs_idl_file = convert_to_idl(
[0.490s]     File "/opt/ros/humble/local/lib/python3.10/dist-packages/rosidl_adapter/__init__.py", line 24, in convert_to_idl
[0.490s]       return convert_srv_to_idl(
[0.490s]     File "/opt/ros/humble/local/lib/python3.10/dist-packages/rosidl_adapter/srv/__init__.py", line 28, in convert_srv_to_idl
[0.490s]       srv = parse_service_string(package_name, input_file.stem, content)
[0.491s]     File "/opt/ros/humble/local/lib/python3.10/dist-packages/rosidl_adapter/parser.py", line 850, in parse_service_string
[0.491s]       raise InvalidServiceSpecification(
[0.491s] 
[0.491s]   rosidl_adapter.parser.InvalidServiceSpecification: Could not find separator
[0.491s]   '---' between request and response
[0.491s] 
[0.491s] Call Stack (most recent call first):
[0.491s]   /opt/ros/humble/share/rosidl_cmake/cmake/rosidl_generate_interfaces.cmake:130 (rosidl_adapt_interfaces)
[0.491s]   CMakeLists.txt:11 (rosidl_generate_interfaces)
[0.491s] 
[0.491s] [0m
[0.491s] -- Configuring incomplete, errors occurred!
[0.491s] See also "/home/tj/ros2_ws/build/tutorial_interfaces/CMakeFiles/CMakeOutput.log".
[0.496s] gmake: *** [Makefile:226: cmake_check_build_system] Error 1
[0.499s] Invoked command in '/home/tj/ros2_ws/build/tutorial_interfaces' returned '2': CMAKE_PREFIX_PATH=${CMAKE_PREFIX_PATH}:/home/tj/ros2_ws/install/py_srvcli:/home/tj/ros2_ws/install/py_pubsub:/opt/ros/humble /usr/bin/cmake --build /home/tj/ros2_ws/build/tutorial_interfaces -- -j8 -l8
