[0.079s] Invoking command in '/home/tj/ros2_ws/build/cpp_pubsub': CMAKE_PREFIX_PATH=${CMAKE_PREFIX_PATH}:/home/tj/ros2_ws/install/py_srvcli:/home/tj/ros2_ws/install/py_pubsub:/opt/ros/humble LD_LIBRARY_PATH=/home/tj/ros2_ws/install/tutorial_interfaces/lib:${LD_LIBRARY_PATH} PYTHONPATH=/home/tj/ros2_ws/install/tutorial_interfaces/local/lib/python3.10/dist-packages:${PYTHONPATH} /usr/bin/cmake --build /home/tj/ros2_ws/build/cpp_pubsub -- -j8 -l8
[0.244s] -- Found ament_cmake: 1.3.10 (/opt/ros/humble/share/ament_cmake/cmake)
[0.506s] -- Found ament_lint_auto: 0.12.11 (/opt/ros/humble/share/ament_lint_auto/cmake)
[0.510s] -- Found rclcpp: 16.0.10 (/opt/ros/humble/share/rclcpp/cmake)
[0.590s] -- Found rosidl_generator_c: 3.1.5 (/opt/ros/humble/share/rosidl_generator_c/cmake)
[0.598s] -- Found rosidl_adapter: 3.1.5 (/opt/ros/humble/share/rosidl_adapter/cmake)
[0.608s] -- Found rosidl_generator_cpp: 3.1.5 (/opt/ros/humble/share/rosidl_generator_cpp/cmake)
[0.623s] -- Using all available rosidl_typesupport_c: rosidl_typesupport_fastrtps_c;rosidl_typesupport_introspection_c
[0.642s] -- Using all available rosidl_typesupport_cpp: rosidl_typesupport_fastrtps_cpp;rosidl_typesupport_introspection_cpp
[0.769s] -- Found rmw_implementation_cmake: 6.1.2 (/opt/ros/humble/share/rmw_implementation_cmake/cmake)
[0.777s] -- Found rmw_fastrtps_cpp: 6.2.7 (/opt/ros/humble/share/rmw_fastrtps_cpp/cmake)
[0.933s] -- Using RMW implementation 'rmw_fastrtps_cpp' as default
[1.055s] -- Found tutorial_interfaces: 0.0.0 (/home/tj/ros2_ws/install/tutorial_interfaces/share/tutorial_interfaces/cmake)
[1.149s] -- Configuring done
[1.181s] -- Generating done
[1.184s] -- Build files have been written to: /home/tj/ros2_ws/build/cpp_pubsub
[1.221s] [35m[1mConsolidate compiler generated dependencies of target talker[0m
[1.221s] [35m[1mConsolidate compiler generated dependencies of target listener[0m
[1.276s] [ 25%] [32mBuilding CXX object CMakeFiles/talker.dir/src/publisher_member_function.cpp.o[0m
[1.276s] [ 50%] [32mBuilding CXX object CMakeFiles/listener.dir/src/subscriber_member_function.cpp.o[0m
[4.709s] [01m[K/home/tj/ros2_ws/src/cpp_pubsub/src/subscriber_member_function.cpp:34:29:[m[K [01;31m[Kerror: [m[Kâ€˜[01m[Ktutorial_interfaces[m[Kâ€™ does not name a type
[4.709s]    34 |   void topic_callback(const [01;31m[Ktutorial_interfaces[m[K::msg::Num & msg) const
[4.709s]       |                             [01;31m[K^~~~~~~~~~~~~~~~~~~[m[K
[4.709s] [01m[K/home/tj/ros2_ws/src/cpp_pubsub/src/subscriber_member_function.cpp:34:53:[m[K [01;31m[Kerror: [m[Kexpected unqualified-id before â€˜[01m[K::[m[Kâ€™ token
[4.710s]    34 |   void topic_callback(const tutorial_interfaces::msg[01;31m[K::[m[KNum & msg) const
[4.710s]       |                                                     [01;31m[K^~[m[K
[4.710s] [01m[K/home/tj/ros2_ws/src/cpp_pubsub/src/subscriber_member_function.cpp:34:53:[m[K [01;31m[Kerror: [m[Kexpected â€˜[01m[K)[m[Kâ€™ before â€˜[01m[K::[m[Kâ€™ token
[4.710s]    34 |   void topic_callback[34m[K([m[Kconst tutorial_interfaces::msg[01;31m[K:[m[K[32m[K:[m[KNum & msg) const
[4.710s]       |                      [34m[K~[m[K                              [01;31m[K^[m[K[32m[K~[m[K
[4.710s]       |                                                     [32m[K)[m[K
[4.713s] [01m[K/home/tj/ros2_ws/src/cpp_pubsub/src/subscriber_member_function.cpp:34:50:[m[K [01;31m[Kerror: [m[Kexpected â€˜[01m[K;[m[Kâ€™ at end of member declaration
[4.713s]    34 |   void topic_callback(const tutorial_interfaces::[01;31m[Kmsg[m[K::Num & msg) const
[4.713s]       |                                                  [01;31m[K^~~[m[K
[4.713s]       |                                                     [32m[K;[m[K
[4.717s] [01m[K/home/tj/ros2_ws/src/cpp_pubsub/src/subscriber_member_function.cpp:34:55:[m[K [01;31m[Kerror: [m[Kâ€˜[01m[KNum[m[Kâ€™ in namespace â€˜[01m[K::[m[Kâ€™ does not name a type
[4.717s]    34 |   void topic_callback(const tutorial_interfaces::msg::[01;31m[KNum[m[K & msg) const
[4.717s]       |                                                       [01;31m[K^~~[m[K
[4.725s] [01m[K/home/tj/ros2_ws/src/cpp_pubsub/src/subscriber_member_function.cpp:38:24:[m[K [01;31m[Kerror: [m[Kâ€˜[01m[Ktutorial_interfaces[m[Kâ€™ was not declared in this scope; did you mean â€˜[01m[Krcl_interfaces[m[Kâ€™?
[4.725s]    38 |   rclcpp::Subscription<[01;31m[Ktutorial_interfaces[m[K::msg::Num>::SharedPtr subscription_;
[4.725s]       |                        [01;31m[K^~~~~~~~~~~~~~~~~~~[m[K
[4.725s]       |                        [32m[Krcl_interfaces[m[K
[4.726s] [01m[K/home/tj/ros2_ws/src/cpp_pubsub/src/subscriber_member_function.cpp:38:53:[m[K [01;31m[Kerror: [m[Ktemplate argument 1 is invalid
[4.726s]    38 |   rclcpp::Subscription<tutorial_interfaces::msg::Num[01;31m[K>[m[K::SharedPtr subscription_;
[4.726s]       |                                                     [01;31m[K^[m[K
[4.726s] [01m[K/home/tj/ros2_ws/src/cpp_pubsub/src/subscriber_member_function.cpp:38:53:[m[K [01;31m[Kerror: [m[Ktemplate argument 3 is invalid
[4.726s] [01m[K/home/tj/ros2_ws/src/cpp_pubsub/src/subscriber_member_function.cpp:38:53:[m[K [01;31m[Kerror: [m[Ktemplate argument 4 is invalid
[4.726s] [01m[K/home/tj/ros2_ws/src/cpp_pubsub/src/subscriber_member_function.cpp:38:53:[m[K [01;31m[Kerror: [m[Ktemplate argument 5 is invalid
[4.726s] [01m[K/home/tj/ros2_ws/src/cpp_pubsub/src/subscriber_member_function.cpp:38:56:[m[K [01;31m[Kerror: [m[Kexpected â€˜[01m[K;[m[Kâ€™ at end of member declaration
[4.726s]    38 |   rclcpp::Subscription<tutorial_interfaces::msg::Num>::[01;31m[KSharedPtr[m[K subscription_;
[4.726s]       |                                                        [01;31m[K^~~~~~~~~[m[K
[4.726s]       |                                                                 [32m[K;[m[K
[4.729s] [01m[K/home/tj/ros2_ws/src/cpp_pubsub/src/subscriber_member_function.cpp:38:66:[m[K [01;31m[Kerror: [m[Kâ€˜[01m[Ksubscription_[m[Kâ€™ does not name a type; did you mean â€˜[01m[Krmw_subscription_t[m[Kâ€™?
[4.730s]    38 |   rclcpp::Subscription<tutorial_interfaces::msg::Num>::SharedPtr [01;31m[Ksubscription_[m[K;
[4.730s]       |                                                                  [01;31m[K^~~~~~~~~~~~~[m[K
[4.730s]       |                                                                  [32m[Krmw_subscription_t[m[K
[4.744s] [01m[K/home/tj/ros2_ws/src/cpp_pubsub/src/publisher_member_function.cpp:48:21:[m[K [01;31m[Kerror: [m[Kâ€˜[01m[Ktutorial_interfaces[m[Kâ€™ was not declared in this scope; did you mean â€˜[01m[Krcl_interfaces[m[Kâ€™?
[4.745s]    48 |   rclcpp::Publisher<[01;31m[Ktutorial_interfaces[m[K::msg::Num>::SharedPtr publisher_;
[4.746s]       |                     [01;31m[K^~~~~~~~~~~~~~~~~~~[m[K
[4.746s]       |                     [32m[Krcl_interfaces[m[K
[4.746s] [01m[K/home/tj/ros2_ws/src/cpp_pubsub/src/publisher_member_function.cpp:48:50:[m[K [01;31m[Kerror: [m[Ktemplate argument 1 is invalid
[4.746s]    48 |   rclcpp::Publisher<tutorial_interfaces::msg::Num[01;31m[K>[m[K::SharedPtr publisher_;
[4.746s]       |                                                  [01;31m[K^[m[K
[4.747s] [01m[K/home/tj/ros2_ws/src/cpp_pubsub/src/publisher_member_function.cpp:48:53:[m[K [01;31m[Kerror: [m[Kexpected â€˜[01m[K;[m[Kâ€™ at end of member declaration
[4.747s]    48 |   rclcpp::Publisher<tutorial_interfaces::msg::Num>::[01;31m[KSharedPtr[m[K publisher_;
[4.747s]       |                                                     [01;31m[K^~~~~~~~~[m[K
[4.747s]       |                                                              [32m[K;[m[K
[4.747s] [01m[K/home/tj/ros2_ws/src/cpp_pubsub/src/publisher_member_function.cpp:48:63:[m[K [01;31m[Kerror: [m[Kâ€˜[01m[Kpublisher_[m[Kâ€™ does not name a type; did you mean â€˜[01m[Krmw_publisher_t[m[Kâ€™?
[4.747s]    48 | clcpp::Publisher<tutorial_interfaces::msg::Num>::SharedPtr [01;31m[Kpublisher_[m[K;
[4.748s]       |                                                            [01;31m[K^~~~~~~~~~[m[K
[4.748s]       |                                                            [32m[Krmw_publisher_t[m[K
[4.748s] [01m[K/home/tj/ros2_ws/src/cpp_pubsub/src/publisher_member_function.cpp:[m[K In constructor â€˜[01m[KMinimalPublisher::MinimalPublisher()[m[Kâ€™:
[4.748s] [01m[K/home/tj/ros2_ws/src/cpp_pubsub/src/publisher_member_function.cpp:34:5:[m[K [01;31m[Kerror: [m[Kâ€˜[01m[Kpublisher_[m[Kâ€™ was not declared in this scope; did you mean â€˜[01m[Krmw_publisher_t[m[Kâ€™?
[4.748s]    34 |     [01;31m[Kpublisher_[m[K = this->create_publisher<std_msgs::msg::String>("topic", 10);
[4.748s]       |     [01;31m[K^~~~~~~~~~[m[K
[4.748s]       |     [32m[Krmw_publisher_t[m[K
[4.764s] [01m[K/home/tj/ros2_ws/src/cpp_pubsub/src/subscriber_member_function.cpp:[m[K In constructor â€˜[01m[KMinimalSubscriber::MinimalSubscriber()[m[Kâ€™:
[4.765s] [01m[K/home/tj/ros2_ws/src/cpp_pubsub/src/subscriber_member_function.cpp:29:5:[m[K [01;31m[Kerror: [m[Kâ€˜[01m[Ksubscription_[m[Kâ€™ was not declared in this scope; did you mean â€˜[01m[Krmw_subscription_t[m[Kâ€™?
[4.765s]    29 |     [01;31m[Ksubscription_[m[K = this->create_subscription<tutorial_interfaces::msg::Num>(
[4.765s]       |     [01;31m[K^~~~~~~~~~~~~[m[K
[4.765s]       |     [32m[Krmw_subscription_t[m[K
[4.765s] [01m[K/home/tj/ros2_ws/src/cpp_pubsub/src/publisher_member_function.cpp:[m[K In member function â€˜[01m[Kvoid MinimalPublisher::timer_callback()[m[Kâ€™:
[4.766s] [01m[K/home/tj/ros2_ws/src/cpp_pubsub/src/publisher_member_function.cpp:42:20:[m[K [01;31m[Kerror: [m[Kâ€˜[01m[Ktutorial_interfaces[m[Kâ€™ has not been declared
[4.766s]    42 |     auto message = [01;31m[Ktutorial_interfaces[m[K::msg::Num();
[4.766s]       |                    [01;31m[K^~~~~~~~~~~~~~~~~~~[m[K
[4.781s] [01m[K/home/tj/ros2_ws/src/cpp_pubsub/src/publisher_member_function.cpp:45:5:[m[K [01;31m[Kerror: [m[Kâ€˜[01m[Kpublisher_[m[Kâ€™ was not declared in this scope; did you mean â€˜[01m[Krmw_publisher_t[m[Kâ€™?
[4.781s]    45 |     [01;31m[Kpublisher_[m[K->publish(message);
[4.781s]       |     [01;31m[K^~~~~~~~~~[m[K
[4.781s]       |     [32m[Krmw_publisher_t[m[K
[4.781s] [01m[K/home/tj/ros2_ws/src/cpp_pubsub/src/subscriber_member_function.cpp:29:47:[m[K [01;31m[Kerror: [m[Kâ€˜[01m[Ktutorial_interfaces[m[Kâ€™ was not declared in this scope; did you mean â€˜[01m[Krcl_interfaces[m[Kâ€™?
[4.781s]    29 |     subscription_ = this->create_subscription<[01;31m[Ktutorial_interfaces[m[K::msg::Num>(
[4.782s]       |                                               [01;31m[K^~~~~~~~~~~~~~~~~~~[m[K
[4.782s]       |                                               [32m[Krcl_interfaces[m[K
[4.782s] [01m[K/home/tj/ros2_ws/src/cpp_pubsub/src/subscriber_member_function.cpp:29:27:[m[K [01;31m[Kerror: [m[Kparse error in template argument list
[4.782s]    29 |     subscription_ = this->[01;31m[Kcreate_subscription<tutorial_interfaces::msg::Num>[m[K(
[4.782s]       |                           [01;31m[K^~~~~~~~~~~~~~~~~~~~~~~~~~~~~~~~~~~~~~~~~~~~~~~~~~[m[K
[4.792s] [01m[K/home/tj/ros2_ws/src/cpp_pubsub/src/subscriber_member_function.cpp:29:77:[m[K [01;31m[Kerror: [m[Kno matching function for call to â€˜[01m[KMinimalSubscriber::create_subscription<<expression error> >(const char [6], int, std::_Bind_helper<false, void (MinimalSubscriber::*)(...), MinimalSubscriber*, const std::_Placeholder<1>&>::type)[m[Kâ€™
[4.793s]    29 |     subscription_ = [01;31m[Kthis->create_subscription<tutorial_interfaces::msg::Num>([m[K
[4.793s]       |                     [01;31m[K~~~~~~~~~~~~~~~~~~~~~~~~~~~~~~~~~~~~~~~~~~~~~~~~~~~~~~~~^[m[K
[4.794s]    30 | [01;31m[K      "topic", 10, std::bind(&MinimalSubscriber::topic_callback, this, _1))[m[K;
[4.794s]       |       [01;31m[K~~~~~~~~~~~~~~~~~~~~~~~~~~~~~~~~~~~~~~~~~~~~~~~~~~~~~~~~~~~~~~~~~~~~~[m[K  
[4.797s] In file included from [01m[K/opt/ros/humble/include/rclcpp/rclcpp/executors/single_threaded_executor.hpp:28[m[K,
[4.797s]                  from [01m[K/opt/ros/humble/include/rclcpp/rclcpp/executors.hpp:22[m[K,
[4.797s]                  from [01m[K/opt/ros/humble/include/rclcpp/rclcpp/rclcpp.hpp:155[m[K,
[4.797s]                  from [01m[K/home/tj/ros2_ws/src/cpp_pubsub/src/subscriber_member_function.cpp:18[m[K:
[4.797s] [01m[K/opt/ros/humble/include/rclcpp/rclcpp/node.hpp:219:3:[m[K [01;36m[Knote: [m[Kcandidate: â€˜[01m[Ktemplate<class MessageT, class CallbackT, class AllocatorT, class SubscriptionT, class MessageMemoryStrategyT> std::shared_ptr<ROSMessageT> rclcpp::Node::create_subscription(const string&, const rclcpp::QoS&, CallbackT&&, const rclcpp::SubscriptionOptionsWithAllocator<AllocatorT>&, typename MessageMemoryStrategyT::SharedPtr)[m[Kâ€™
[4.797s]   219 |   [01;36m[Kcreate_subscription[m[K(
[4.797s]       |   [01;36m[K^~~~~~~~~~~~~~~~~~~[m[K
[4.798s] [01m[K/opt/ros/humble/include/rclcpp/rclcpp/node.hpp:219:3:[m[K [01;36m[Knote: [m[K  template argument deduction/substitution failed:
[4.798s] [01m[K/home/tj/ros2_ws/src/cpp_pubsub/src/subscriber_member_function.cpp:29:77:[m[K [01;31m[Kerror: [m[Ktemplate argument 1 is invalid
[4.800s]    29 |     subscription_ = [01;31m[Kthis->create_subscription<tutorial_interfaces::msg::Num>([m[K
[4.800s]       |                     [01;31m[K~~~~~~~~~~~~~~~~~~~~~~~~~~~~~~~~~~~~~~~~~~~~~~~~~~~~~~~~^[m[K
[4.801s]    30 | [01;31m[K      "topic", 10, std::bind(&MinimalSubscriber::topic_callback, this, _1))[m[K;
[4.801s]       |       [01;31m[K~~~~~~~~~~~~~~~~~~~~~~~~~~~~~~~~~~~~~~~~~~~~~~~~~~~~~~~~~~~~~~~~~~~~~[m[K  
[5.369s] gmake[2]: *** [CMakeFiles/listener.dir/build.make:76: CMakeFiles/listener.dir/src/subscriber_member_function.cpp.o] Error 1
[5.369s] gmake[1]: *** [CMakeFiles/Makefile2:165: CMakeFiles/listener.dir/all] Error 2
[5.370s] gmake[1]: *** Waiting for unfinished jobs....
[5.667s] gmake[2]: *** [CMakeFiles/talker.dir/build.make:76: CMakeFiles/talker.dir/src/publisher_member_function.cpp.o] Error 1
[5.668s] gmake[1]: *** [CMakeFiles/Makefile2:139: CMakeFiles/talker.dir/all] Error 2
[5.668s] gmake: *** [Makefile:146: all] Error 2
[5.672s] Invoked command in '/home/tj/ros2_ws/build/cpp_pubsub' returned '2': CMAKE_PREFIX_PATH=${CMAKE_PREFIX_PATH}:/home/tj/ros2_ws/install/py_srvcli:/home/tj/ros2_ws/install/py_pubsub:/opt/ros/humble LD_LIBRARY_PATH=/home/tj/ros2_ws/install/tutorial_interfaces/lib:${LD_LIBRARY_PATH} PYTHONPATH=/home/tj/ros2_ws/install/tutorial_interfaces/local/lib/python3.10/dist-packages:${PYTHONPATH} /usr/bin/cmake --build /home/tj/ros2_ws/build/cpp_pubsub -- -j8 -l8
