[0.080s] Invoking command in '/home/tj/ros2_ws/build/cpp_srvcli': AMENT_PREFIX_PATH=/home/tj/ros2_ws/install/tutorial_interfaces CMAKE_PREFIX_PATH=/home/tj/ros2_ws/install/tutorial_interfaces LD_LIBRARY_PATH=/home/tj/ros2_ws/install/tutorial_interfaces/lib PYTHONPATH=/home/tj/ros2_ws/install/tutorial_interfaces/local/lib/python3.10/dist-packages /usr/bin/cmake --build /home/tj/ros2_ws/build/cpp_srvcli -- -j8 -l8
[0.418s] -- Found ament_cmake: 1.3.10 (/opt/ros/humble/share/ament_cmake/cmake)
[0.689s] Traceback (most recent call last):
[0.689s]   File "/opt/ros/humble/share/ament_cmake_core/cmake/package_templates/templates_2_cmake.py", line 21, in <module>
[0.689s]     from ament_package.templates import get_environment_hook_template_path
[0.689s] ModuleNotFoundError: No module named 'ament_package'
[0.701s] [31mCMake Error at /opt/ros/humble/share/ament_cmake_core/cmake/ament_cmake_package_templates-extras.cmake:41 (message):
[0.701s]   execute_process(/usr/bin/python3
[0.701s]   /opt/ros/humble/share/ament_cmake_core/cmake/package_templates/templates_2_cmake.py
[0.701s]   /home/tj/ros2_ws/build/cpp_srvcli/ament_cmake_package_templates/templates.cmake)
[0.701s]   returned error code 1
[0.701s] Call Stack (most recent call first):
[0.702s]   /opt/ros/humble/share/ament_cmake_core/cmake/ament_cmake_coreConfig.cmake:41 (include)
[0.702s]   /opt/ros/humble/share/ament_cmake/cmake/ament_cmake_export_dependencies-extras.cmake:15 (find_package)
[0.702s]   /opt/ros/humble/share/ament_cmake/cmake/ament_cmakeConfig.cmake:41 (include)
[0.702s]   CMakeLists.txt:4 (find_package)
[0.702s] 
[0.702s] [0m
[0.702s] -- Configuring incomplete, errors occurred!
[0.702s] See also "/home/tj/ros2_ws/build/cpp_srvcli/CMakeFiles/CMakeOutput.log".
[0.715s] gmake: *** [Makefile:308: cmake_check_build_system] Error 1
[0.720s] Invoked command in '/home/tj/ros2_ws/build/cpp_srvcli' returned '2': AMENT_PREFIX_PATH=/home/tj/ros2_ws/install/tutorial_interfaces CMAKE_PREFIX_PATH=/home/tj/ros2_ws/install/tutorial_interfaces LD_LIBRARY_PATH=/home/tj/ros2_ws/install/tutorial_interfaces/lib PYTHONPATH=/home/tj/ros2_ws/install/tutorial_interfaces/local/lib/python3.10/dist-packages /usr/bin/cmake --build /home/tj/ros2_ws/build/cpp_srvcli -- -j8 -l8
