[0.011s] Invoking command in '/home/tj/ros2_ws/build/polygon_plugins': AMENT_PREFIX_PATH=/home/tj/ros2_ws/install/polygon_base:${AMENT_PREFIX_PATH} CMAKE_PREFIX_PATH=/home/tj/ros2_ws/install/polygon_base:/opt/ros/humble PATH=/home/tj/ros2_ws/install/polygon_base/bin:${PATH} /usr/bin/cmake --build /home/tj/ros2_ws/build/polygon_plugins -- -j8 -l8
[0.038s] -- Found ament_cmake: 1.3.10 (/opt/ros/humble/share/ament_cmake/cmake)
[0.148s] -- Found ament_cmake_ros: 0.10.0 (/opt/ros/humble/share/ament_cmake_ros/cmake)
[0.148s] -- Found polygon_base: 0.0.0 (/home/tj/ros2_ws/install/polygon_base/share/polygon_base/cmake)
[0.148s] -- Found pluginlib: 5.1.0 (/opt/ros/humble/share/pluginlib/cmake)
[0.171s] -- Found ament_lint_auto: 0.12.11 (/opt/ros/humble/share/ament_lint_auto/cmake)
[0.225s] -- Added test 'cppcheck' to perform static code analysis on C / C++ code
[0.225s] -- Configured cppcheck include dirs: $<BUILD_INTERFACE:/home/tj/ros2_ws/src/polygon_plugins/include>
[0.225s] -- Configured cppcheck exclude dirs and/or files: 
[0.225s] -- Added test 'lint_cmake' to check CMake code style
[0.225s] -- Added test 'uncrustify' to check C / C++ code style
[0.225s] -- Configured uncrustify additional arguments: 
[0.225s] -- Added test 'xmllint' to check XML markup files
[0.225s] -- Configuring done
[0.226s] -- Generating done
[0.228s] -- Build files have been written to: /home/tj/ros2_ws/build/polygon_plugins
[0.247s] [35m[1mConsolidate compiler generated dependencies of target polygon_plugins[0m
[0.257s] [ 50%] [32mBuilding CXX object CMakeFiles/polygon_plugins.dir/src/polygon_plugins.cpp.o[0m
[0.339s] [01m[K/home/tj/ros2_ws/src/polygon_plugins/src/polygon_plugins.cpp:6:31:[m[K [01;31m[Kerror: [m[Kâ€˜[01m[Kpolygon_base[m[Kâ€™ has not been declared
[0.339s]     6 |         class Square : public [01;31m[Kpolygon_base[m[K::RegularPolygon
[0.339s]       |                               [01;31m[K^~~~~~~~~~~~[m[K
[0.339s] [01m[K/home/tj/ros2_ws/src/polygon_plugins/src/polygon_plugins.cpp:6:45:[m[K [01;31m[Kerror: [m[Kexpected â€˜[01m[K{[m[Kâ€™ before â€˜[01m[KRegularPolygon[m[Kâ€™
[0.339s]     6 |         class Square : public polygon_base::[01;31m[KRegularPolygon[m[K
[0.339s]       |                                             [01;31m[K^~~~~~~~~~~~~~[m[K
[0.339s] [01m[K/home/tj/ros2_ws/src/polygon_plugins/src/polygon_plugins.cpp:8:9:[m[K [01;31m[Kerror: [m[Kexpected primary-expression before â€˜[01m[Kpublic[m[Kâ€™
[0.339s]     8 |         [01;31m[Kpublic[m[K:
[0.339s]       |         [01;31m[K^~~~~~[m[K
[0.339s] [01m[K/home/tj/ros2_ws/src/polygon_plugins/src/polygon_plugins.cpp:8:9:[m[K [01;31m[Kerror: [m[Kexpected â€˜[01m[K}[m[Kâ€™ before â€˜[01m[Kpublic[m[Kâ€™
[0.339s] [01m[K/home/tj/ros2_ws/src/polygon_plugins/src/polygon_plugins.cpp:7:9:[m[K [01;36m[Knote: [m[Kto match this â€˜[01m[K{[m[Kâ€™
[0.340s]     7 |         [01;36m[K{[m[K
[0.340s]       |         [01;36m[K^[m[K
[0.340s] [01m[K/home/tj/ros2_ws/src/polygon_plugins/src/polygon_plugins.cpp:14:31:[m[K [01;31m[Kerror: [m[Kvirt-specifiers in â€˜[01m[Karea[m[Kâ€™ not allowed outside a class definition
[0.340s]    14 |                 double area() [01;31m[Koverride[m[K
[0.340s]       |                               [01;31m[K^~~~~~~~[m[K
[0.341s] [01m[K/home/tj/ros2_ws/src/polygon_plugins/src/polygon_plugins.cpp:[m[K In function â€˜[01m[Kdouble polygon_plugins::area()[m[Kâ€™:
[0.341s] [01m[K/home/tj/ros2_ws/src/polygon_plugins/src/polygon_plugins.cpp:16:32:[m[K [01;31m[Kerror: [m[Kâ€˜[01m[Kside_length_[m[Kâ€™ was not declared in this scope
[0.341s]    16 |                         return [01;31m[Kside_length_[m[K * side_length_;
[0.341s]       |                                [01;31m[K^~~~~~~~~~~~[m[K
[0.341s] [01m[K/home/tj/ros2_ws/src/polygon_plugins/src/polygon_plugins.cpp:[m[K At global scope:
[0.341s] [01m[K/home/tj/ros2_ws/src/polygon_plugins/src/polygon_plugins.cpp:19:9:[m[K [01;31m[Kerror: [m[Kexpected unqualified-id before â€˜[01m[Kprotected[m[Kâ€™
[0.341s]    19 |         [01;31m[Kprotected[m[K:
[0.341s]       |         [01;31m[K^~~~~~~~~[m[K
[0.341s] [01m[K/home/tj/ros2_ws/src/polygon_plugins/src/polygon_plugins.cpp:23:33:[m[K [01;31m[Kerror: [m[Kâ€˜[01m[Kpolygon_base[m[Kâ€™ has not been declared
[0.341s]    23 |         class Triangle : public [01;31m[Kpolygon_base[m[K::RegularPolygon
[0.341s]       |                                 [01;31m[K^~~~~~~~~~~~[m[K
[0.341s] [01m[K/home/tj/ros2_ws/src/polygon_plugins/src/polygon_plugins.cpp:23:47:[m[K [01;31m[Kerror: [m[Kexpected â€˜[01m[K{[m[Kâ€™ before â€˜[01m[KRegularPolygon[m[Kâ€™
[0.341s]    23 |         class Triangle : public polygon_base::[01;31m[KRegularPolygon[m[K
[0.341s]       |                                               [01;31m[K^~~~~~~~~~~~~~[m[K
[0.341s] [01m[K/home/tj/ros2_ws/src/polygon_plugins/src/polygon_plugins.cpp:25:9:[m[K [01;31m[Kerror: [m[Kexpected primary-expression before â€˜[01m[Kpublic[m[Kâ€™
[0.341s]    25 |         [01;31m[Kpublic[m[K:
[0.341s]       |         [01;31m[K^~~~~~[m[K
[0.341s] [01m[K/home/tj/ros2_ws/src/polygon_plugins/src/polygon_plugins.cpp:25:9:[m[K [01;31m[Kerror: [m[Kexpected â€˜[01m[K}[m[Kâ€™ before â€˜[01m[Kpublic[m[Kâ€™
[0.341s] [01m[K/home/tj/ros2_ws/src/polygon_plugins/src/polygon_plugins.cpp:24:9:[m[K [01;36m[Knote: [m[Kto match this â€˜[01m[K{[m[Kâ€™
[0.341s]    24 |         [01;36m[K{[m[K
[0.341s]       |         [01;36m[K^[m[K
[0.341s] [01m[K/home/tj/ros2_ws/src/polygon_plugins/src/polygon_plugins.cpp:31:31:[m[K [01;31m[Kerror: [m[Kvirt-specifiers in â€˜[01m[Karea[m[Kâ€™ not allowed outside a class definition
[0.342s]    31 |                 double area() [01;31m[Koverride[m[K
[0.342s]       |                               [01;31m[K^~~~~~~~[m[K
[0.343s] [01m[K/home/tj/ros2_ws/src/polygon_plugins/src/polygon_plugins.cpp:[m[K In function â€˜[01m[Kdouble area()[m[Kâ€™:
[0.343s] [01m[K/home/tj/ros2_ws/src/polygon_plugins/src/polygon_plugins.cpp:33:38:[m[K [01;31m[Kerror: [m[Kâ€˜[01m[Kside_length_[m[Kâ€™ was not declared in this scope
[0.343s]    33 |                         return 0.5 * [01;31m[Kside_length_[m[K * getHeight();
[0.343s]       |                                      [01;31m[K^~~~~~~~~~~~[m[K
[0.344s] [01m[K/home/tj/ros2_ws/src/polygon_plugins/src/polygon_plugins.cpp:33:53:[m[K [01;31m[Kerror: [m[Kâ€˜[01m[KgetHeight[m[Kâ€™ was not declared in this scope
[0.344s]    33 |                         return 0.5 * side_length_ * [01;31m[KgetHeight[m[K();
[0.344s]       |                                                     [01;31m[K^~~~~~~~~[m[K
[0.345s] [01m[K/home/tj/ros2_ws/src/polygon_plugins/src/polygon_plugins.cpp:[m[K In function â€˜[01m[Kdouble getHeight()[m[Kâ€™:
[0.345s] [01m[K/home/tj/ros2_ws/src/polygon_plugins/src/polygon_plugins.cpp:38:38:[m[K [01;31m[Kerror: [m[Kâ€˜[01m[Kside_length_[m[Kâ€™ was not declared in this scope
[0.345s]    38 |                         return sqrt(([01;31m[Kside_length_[m[K * side_length_) - ((side_length_ / 2) * (side_length_ / 2)));
[0.345s]       |                                      [01;31m[K^~~~~~~~~~~~[m[K
[0.345s] [01m[K/home/tj/ros2_ws/src/polygon_plugins/src/polygon_plugins.cpp:[m[K At global scope:
[0.345s] [01m[K/home/tj/ros2_ws/src/polygon_plugins/src/polygon_plugins.cpp:41:9:[m[K [01;31m[Kerror: [m[Kexpected unqualified-id before â€˜[01m[Kprotected[m[Kâ€™
[0.345s]    41 |         [01;31m[Kprotected[m[K:
[0.345s]       |         [01;31m[K^~~~~~~~~[m[K
[0.345s] [01m[K/home/tj/ros2_ws/src/polygon_plugins/src/polygon_plugins.cpp:44:9:[m[K [01;31m[Kerror: [m[Kexpected declaration before â€˜[01m[K}[m[Kâ€™ token
[0.345s]    44 |         [01;31m[K}[m[K;
[0.345s]       |         [01;31m[K^[m[K
[0.345s] [01m[K/home/tj/ros2_ws/src/polygon_plugins/src/polygon_plugins.cpp:45:1:[m[K [01;31m[Kerror: [m[Kexpected declaration before â€˜[01m[K}[m[Kâ€™ token
[0.345s]    45 | [01;31m[K}[m[K
[0.345s]       | [01;31m[K^[m[K
[0.517s] In file included from [01m[K/opt/ros/humble/include/class_loader/class_loader/class_loader.hpp:56[m[K,
[0.518s]                  from [01m[K/opt/ros/humble/include/pluginlib/pluginlib/class_list_macros.hpp:40[m[K,
[0.518s]                  from [01m[K/home/tj/ros2_ws/src/polygon_plugins/src/polygon_plugins.cpp:46[m[K:
[0.518s] [01m[K/home/tj/ros2_ws/src/polygon_plugins/src/polygon_plugins.cpp:48:49:[m[K [01;31m[Kerror: [m[Kâ€˜[01m[Kpolygon_base[m[Kâ€™ does not name a type
[0.518s]    48 | PLUGINLIB_EXPORT_CLASS(polygon_plugins::Square, [01;31m[Kpolygon_base[m[K::RegularPolygon)
[0.518s]       |                                                 [01;31m[K^~~~~~~~~~~~[m[K
[0.521s] [01m[K/home/tj/ros2_ws/src/polygon_plugins/src/polygon_plugins.cpp:[m[K In constructor â€˜[01m[K{anonymous}::ProxyExec0::ProxyExec0()[m[Kâ€™:
[0.521s] [01m[K/home/tj/ros2_ws/src/polygon_plugins/src/polygon_plugins.cpp:48:1:[m[K [01;31m[Kerror: [m[Kâ€˜[01m[K_base[m[Kâ€™ was not declared in this scope
[0.521s]    48 | [01;31m[KPLUGINLIB_EXPORT_CLASS[m[K(polygon_plugins::Square, polygon_base::RegularPolygon)
[0.521s]       | [01;31m[K^~~~~~~~~~~~~~~~~~~~~~[m[K
[0.521s] [01m[K/home/tj/ros2_ws/src/polygon_plugins/src/polygon_plugins.cpp:48:1:[m[K [01;31m[Kerror: [m[Kno matching function for call to â€˜[01m[KregisterPlugin<{anonymous}::ProxyExec0::_derived, <expression error> >(const char [24], const char [29])[m[Kâ€™
[0.521s]    48 | [01;31m[KPLUGINLIB_EXPORT_CLASS[m[K(polygon_plugins::Square, polygon_base::RegularPolygon)
[0.521s]       | [01;31m[K^~~~~~~~~~~~~~~~~~~~~~[m[K
[0.521s] In file included from [01m[K/opt/ros/humble/include/class_loader/class_loader/class_loader.hpp:55[m[K,
[0.521s]                  from [01m[K/opt/ros/humble/include/pluginlib/pluginlib/class_list_macros.hpp:40[m[K,
[0.521s]                  from [01m[K/home/tj/ros2_ws/src/polygon_plugins/src/polygon_plugins.cpp:46[m[K:
[0.521s] [01m[K/opt/ros/humble/include/class_loader/class_loader/class_loader_core.hpp:210:6:[m[K [01;36m[Knote: [m[Kcandidate: â€˜[01m[Ktemplate<class Derived, class Base> void class_loader::impl::registerPlugin(const string&, const string&)[m[Kâ€™
[0.521s]   210 | void [01;36m[KregisterPlugin[m[K(const std::string & class_name, const std::string & base_class_name)
[0.521s]       |      [01;36m[K^~~~~~~~~~~~~~[m[K
[0.521s] [01m[K/opt/ros/humble/include/class_loader/class_loader/class_loader_core.hpp:210:6:[m[K [01;36m[Knote: [m[K  template argument deduction/substitution failed:
[0.521s] In file included from [01m[K/opt/ros/humble/include/class_loader/class_loader/class_loader.hpp:56[m[K,
[0.521s]                  from [01m[K/opt/ros/humble/include/pluginlib/pluginlib/class_list_macros.hpp:40[m[K,
[0.521s]                  from [01m[K/home/tj/ros2_ws/src/polygon_plugins/src/polygon_plugins.cpp:46[m[K:
[0.521s] [01m[K/home/tj/ros2_ws/src/polygon_plugins/src/polygon_plugins.cpp:48:1:[m[K [01;31m[Kerror: [m[Ktemplate argument 2 is invalid
[0.521s]    48 | [01;31m[KPLUGINLIB_EXPORT_CLASS[m[K(polygon_plugins::Square, polygon_base::RegularPolygon)
[0.521s]       | [01;31m[K^~~~~~~~~~~~~~~~~~~~~~[m[K
[0.521s] [01m[K/home/tj/ros2_ws/src/polygon_plugins/src/polygon_plugins.cpp:[m[K At global scope:
[0.521s] [01m[K/home/tj/ros2_ws/src/polygon_plugins/src/polygon_plugins.cpp:49:41:[m[K [01;31m[Kerror: [m[Kâ€˜[01m[KTriangle[m[Kâ€™ in namespace â€˜[01m[Kpolygon_plugins[m[Kâ€™ does not name a type
[0.521s]    49 | PLUGINLIB_EXPORT_CLASS(polygon_plugins::[01;31m[KTriangle[m[K, polygon_base::RegularPolygon)
[0.521s]       |                                         [01;31m[K^~~~~~~~[m[K
[0.522s] [01m[K/home/tj/ros2_ws/src/polygon_plugins/src/polygon_plugins.cpp:49:51:[m[K [01;31m[Kerror: [m[Kâ€˜[01m[Kpolygon_base[m[Kâ€™ does not name a type
[0.522s]    49 | PLUGINLIB_EXPORT_CLASS(polygon_plugins::Triangle, [01;31m[Kpolygon_base[m[K::RegularPolygon)
[0.522s]       |                                                   [01;31m[K^~~~~~~~~~~~[m[K
[0.524s] [01m[K/home/tj/ros2_ws/src/polygon_plugins/src/polygon_plugins.cpp:[m[K In constructor â€˜[01m[K{anonymous}::ProxyExec1::ProxyExec1()[m[Kâ€™:
[0.524s] [01m[K/home/tj/ros2_ws/src/polygon_plugins/src/polygon_plugins.cpp:49:1:[m[K [01;31m[Kerror: [m[Kâ€˜[01m[K_derived[m[Kâ€™ was not declared in this scope
[0.524s]    49 | [01;31m[KPLUGINLIB_EXPORT_CLASS[m[K(polygon_plugins::Triangle, polygon_base::RegularPolygon)
[0.524s]       | [01;31m[K^~~~~~~~~~~~~~~~~~~~~~[m[K
[0.526s] [01m[K/home/tj/ros2_ws/src/polygon_plugins/src/polygon_plugins.cpp:49:1:[m[K [01;31m[Kerror: [m[Kâ€˜[01m[K_base[m[Kâ€™ was not declared in this scope
[0.527s]    49 | [01;31m[KPLUGINLIB_EXPORT_CLASS[m[K(polygon_plugins::Triangle, polygon_base::RegularPolygon)
[0.527s]       | [01;31m[K^~~~~~~~~~~~~~~~~~~~~~[m[K
[0.527s] [01m[K/home/tj/ros2_ws/src/polygon_plugins/src/polygon_plugins.cpp:49:1:[m[K [01;31m[Kerror: [m[Kno matching function for call to â€˜[01m[KregisterPlugin<<expression error>, <expression error> >(const char [26], const char [29])[m[Kâ€™
[0.527s]    49 | [01;31m[KPLUGINLIB_EXPORT_CLASS[m[K(polygon_plugins::Triangle, polygon_base::RegularPolygon)
[0.527s]       | [01;31m[K^~~~~~~~~~~~~~~~~~~~~~[m[K
[0.527s] In file included from [01m[K/opt/ros/humble/include/class_loader/class_loader/class_loader.hpp:55[m[K,
[0.527s]                  from [01m[K/opt/ros/humble/include/pluginlib/pluginlib/class_list_macros.hpp:40[m[K,
[0.527s]                  from [01m[K/home/tj/ros2_ws/src/polygon_plugins/src/polygon_plugins.cpp:46[m[K:
[0.527s] [01m[K/opt/ros/humble/include/class_loader/class_loader/class_loader_core.hpp:210:6:[m[K [01;36m[Knote: [m[Kcandidate: â€˜[01m[Ktemplate<class Derived, class Base> void class_loader::impl::registerPlugin(const string&, const string&)[m[Kâ€™
[0.527s]   210 | void [01;36m[KregisterPlugin[m[K(const std::string & class_name, const std::string & base_class_name)
[0.527s]       |      [01;36m[K^~~~~~~~~~~~~~[m[K
[0.527s] [01m[K/opt/ros/humble/include/class_loader/class_loader/class_loader_core.hpp:210:6:[m[K [01;36m[Knote: [m[K  template argument deduction/substitution failed:
[0.527s] In file included from [01m[K/opt/ros/humble/include/class_loader/class_loader/class_loader.hpp:56[m[K,
[0.527s]                  from [01m[K/opt/ros/humble/include/pluginlib/pluginlib/class_list_macros.hpp:40[m[K,
[0.527s]                  from [01m[K/home/tj/ros2_ws/src/polygon_plugins/src/polygon_plugins.cpp:46[m[K:
[0.527s] [01m[K/home/tj/ros2_ws/src/polygon_plugins/src/polygon_plugins.cpp:49:1:[m[K [01;31m[Kerror: [m[Ktemplate argument 1 is invalid
[0.527s]    49 | [01;31m[KPLUGINLIB_EXPORT_CLASS[m[K(polygon_plugins::Triangle, polygon_base::RegularPolygon)
[0.527s]       | [01;31m[K^~~~~~~~~~~~~~~~~~~~~~[m[K
[0.527s] [01m[K/home/tj/ros2_ws/src/polygon_plugins/src/polygon_plugins.cpp:49:1:[m[K [01;31m[Kerror: [m[Ktemplate argument 2 is invalid
[0.564s] gmake[2]: *** [CMakeFiles/polygon_plugins.dir/build.make:76: CMakeFiles/polygon_plugins.dir/src/polygon_plugins.cpp.o] Error 1
[0.564s] gmake[1]: *** [CMakeFiles/Makefile2:137: CMakeFiles/polygon_plugins.dir/all] Error 2
[0.565s] gmake: *** [Makefile:146: all] Error 2
[0.568s] Invoked command in '/home/tj/ros2_ws/build/polygon_plugins' returned '2': AMENT_PREFIX_PATH=/home/tj/ros2_ws/install/polygon_base:${AMENT_PREFIX_PATH} CMAKE_PREFIX_PATH=/home/tj/ros2_ws/install/polygon_base:/opt/ros/humble PATH=/home/tj/ros2_ws/install/polygon_base/bin:${PATH} /usr/bin/cmake --build /home/tj/ros2_ws/build/polygon_plugins -- -j8 -l8
