[0.048s] Invoking command in '/home/tj/ros2_ws/build/tutorial_interfaces': CMAKE_PREFIX_PATH=${CMAKE_PREFIX_PATH}:/home/tj/ros2_ws/install/py_srvcli:/home/tj/ros2_ws/install/py_pubsub:/opt/ros/humble /usr/bin/cmake --build /home/tj/ros2_ws/build/tutorial_interfaces -- -j8 -l8
[0.132s] -- Found geometry_msgs: 4.2.4 (/opt/ros/humble/share/geometry_msgs/cmake)
[0.626s] -- Found rosidl_generator_c: 3.1.5 (/opt/ros/humble/share/rosidl_generator_c/cmake)
[0.646s] -- Found rosidl_adapter: 3.1.5 (/opt/ros/humble/share/rosidl_adapter/cmake)
[0.689s] -- Found rosidl_generator_cpp: 3.1.5 (/opt/ros/humble/share/rosidl_generator_cpp/cmake)
[0.781s] -- Using all available rosidl_typesupport_c: rosidl_typesupport_fastrtps_c;rosidl_typesupport_introspection_c
[0.872s] -- Using all available rosidl_typesupport_cpp: rosidl_typesupport_fastrtps_cpp;rosidl_typesupport_introspection_cpp
[1.022s] -- Found rosidl_default_generators: 1.2.0 (/opt/ros/humble/share/rosidl_default_generators/cmake)
[1.259s] [31mCMake Error at /opt/ros/humble/share/rosidl_adapter/cmake/rosidl_adapt_interfaces.cmake:59 (message):
[1.260s]   execute_process(/usr/bin/python3 -m rosidl_adapter --package-name
[1.260s]   tutorial_interfaces --arguments-file
[1.260s]   /home/tj/ros2_ws/build/tutorial_interfaces/rosidl_adapter__arguments__tutorial_interfaces.json
[1.260s]   --output-dir
[1.260s]   /home/tj/ros2_ws/build/tutorial_interfaces/rosidl_adapter/tutorial_interfaces
[1.260s]   --output-file
[1.261s]   /home/tj/ros2_ws/build/tutorial_interfaces/rosidl_adapter/tutorial_interfaces.idls)
[1.261s]   returned error code 1:
[1.261s] 
[1.261s]   Traceback (most recent call last):
[1.262s] 
[1.262s]     File "/usr/lib/python3.10/runpy.py", line 196, in _run_module_as_main
[1.263s]       return _run_code(code, main_globals, None,
[1.263s]     File "/usr/lib/python3.10/runpy.py", line 86, in _run_code
[1.264s]       exec(code, run_globals)
[1.264s]     File "/opt/ros/humble/local/lib/python3.10/dist-packages/rosidl_adapter/__main__.py", line 19, in <module>
[1.264s]       sys.exit(main())
[1.264s]     File "/opt/ros/humble/local/lib/python3.10/dist-packages/rosidl_adapter/main.py", line 53, in main
[1.264s]       abs_idl_file = convert_to_idl(
[1.265s]     File "/opt/ros/humble/local/lib/python3.10/dist-packages/rosidl_adapter/__init__.py", line 24, in convert_to_idl
[1.265s]       return convert_srv_to_idl(
[1.265s]     File "/opt/ros/humble/local/lib/python3.10/dist-packages/rosidl_adapter/srv/__init__.py", line 28, in convert_srv_to_idl
[1.265s]       srv = parse_service_string(package_name, input_file.stem, content)
[1.265s]     File "/opt/ros/humble/local/lib/python3.10/dist-packages/rosidl_adapter/parser.py", line 850, in parse_service_string
[1.265s]       raise InvalidServiceSpecification(
[1.266s] 
[1.266s]   rosidl_adapter.parser.InvalidServiceSpecification: Could not find separator
[1.266s]   '---' between request and response
[1.266s] 
[1.266s] Call Stack (most recent call first):
[1.266s]   /opt/ros/humble/share/rosidl_cmake/cmake/rosidl_generate_interfaces.cmake:130 (rosidl_adapt_interfaces)
[1.266s]   CMakeLists.txt:11 (rosidl_generate_interfaces)
[1.266s] 
[1.266s] [0m
[1.267s] -- Configuring incomplete, errors occurred!
[1.267s] See also "/home/tj/ros2_ws/build/tutorial_interfaces/CMakeFiles/CMakeOutput.log".
[1.269s] gmake: *** [Makefile:226: cmake_check_build_system] Error 1
[1.275s] Invoked command in '/home/tj/ros2_ws/build/tutorial_interfaces' returned '2': CMAKE_PREFIX_PATH=${CMAKE_PREFIX_PATH}:/home/tj/ros2_ws/install/py_srvcli:/home/tj/ros2_ws/install/py_pubsub:/opt/ros/humble /usr/bin/cmake --build /home/tj/ros2_ws/build/tutorial_interfaces -- -j8 -l8
